[2021-10-16 22:21:10,809] multiqc                                            [DEBUG  ]  This is MultiQC v1.11
[2021-10-16 22:21:10,809] multiqc                                            [DEBUG  ]  No MultiQC config found: /usr/local/lib/python3.6/dist-packages/multiqc_config.yaml
[2021-10-16 22:21:10,809] multiqc                                            [DEBUG  ]  No MultiQC config found: /home/dakochik/.multiqc_config.yaml
[2021-10-16 22:21:10,809] multiqc                                            [DEBUG  ]  No MultiQC config found: multiqc_config.yaml
[2021-10-16 22:21:10,809] multiqc                                            [DEBUG  ]  Command used: /usr/local/bin/multiqc -o multiqc_trimmed fastqc_trimmed
[2021-10-16 22:21:11,190] multiqc                                            [DEBUG  ]  Latest MultiQC version is v1.11
[2021-10-16 22:21:11,190] multiqc                                            [DEBUG  ]  Command     : /usr/local/bin/multiqc -o multiqc_trimmed fastqc_trimmed
[2021-10-16 22:21:11,190] multiqc                                            [DEBUG  ]  Working dir : /home/dakochik
[2021-10-16 22:21:11,190] multiqc                                            [DEBUG  ]  Template    : default
[2021-10-16 22:21:11,190] multiqc                                            [DEBUG  ]  Running Python 3.6.9 (default, Jan 26 2021, 15:33:00)  [GCC 8.4.0]
[2021-10-16 22:21:11,192] multiqc                                            [DEBUG  ]  Analysing modules: custom_content, ccs, ngsderive, purple, conpair, lima, peddy, somalier, methylQA, mosdepth, phantompeakqualtools, qualimap, preseq, quast, qorts, rna_seqc, rockhopper, rsem, rseqc, busco, bustools, goleft_indexcov, gffcompare, disambiguate, supernova, deeptools, sargasso, verifybamid, mirtrace, happy, mirtop, sambamba, homer, hops, macs2, theta2, snpeff, gatk, htseq, bcftools, featureCounts, fgbio, dragen, dedup, damageprofiler, biobambam2, jcvi, mtnucratio, picard, vep, sentieon, prokka, qc3C, nanostat, samblaster, samtools, sexdeterrmine, eigenstratdatabasetools, bamtools, jellyfish, vcftools, longranger, stacks, varscan2, snippy, bbmap, bismark, biscuit, hicexplorer, hicup, hicpro, salmon, kallisto, slamdunk, star, hisat2, tophat, bowtie2, bowtie1, snpsplit, odgi, pangolin, kat, leehom, adapterRemoval, clipandmerge, cutadapt, flexbar, kaiju, kraken, malt, trimmomatic, sickle, skewer, sortmerna, biobloomtools, fastq_screen, afterqc, fastp, fastqc, pychopper, pycoqc, minionqc, multivcfanalyzer, clusterflow, bcl2fastq, bclconvert, interop, ivar, flash, seqyclean, optitype
[2021-10-16 22:21:11,192] multiqc                                            [DEBUG  ]  Using temporary directory for creating report: /tmp/tmpd1m0k9mu
[2021-10-16 22:21:11,304] multiqc                                            [INFO   ]  Search path : /home/dakochik/fastqc_trimmed
[2021-10-16 22:21:11,324] multiqc                                            [DEBUG  ]  File ignored by ccs/v4 because it exceeded search pattern filesize limit: sub_MP_R1.fq.int_trimmed_fastqc.html
[2021-10-16 22:21:11,325] multiqc                                            [DEBUG  ]  File ignored by hicexplorer because it exceeded search pattern filesize limit: sub_MP_R1.fq.int_trimmed_fastqc.html
[2021-10-16 22:21:11,325] multiqc                                            [DEBUG  ]  File ignored by nanostat because it exceeded search pattern filesize limit: sub_MP_R1.fq.int_trimmed_fastqc.html
[2021-10-16 22:21:11,325] multiqc                                            [DEBUG  ]  File ignored by lima/summary because it exceeded search pattern filesize limit: sub_MP_R1.fq.int_trimmed_fastqc.html
[2021-10-16 22:21:11,327] multiqc                                            [DEBUG  ]  File ignored by vep/vep_txt because it exceeded search pattern filesize limit: sub_MP_R1.fq.int_trimmed_fastqc.html
[2021-10-16 22:21:11,327] multiqc                                            [DEBUG  ]  File ignored by longranger/invocation because it exceeded search pattern filesize limit: sub_MP_R1.fq.int_trimmed_fastqc.html
[2021-10-16 22:21:11,327] multiqc                                            [DEBUG  ]  File ignored by rockhopper because it exceeded search pattern filesize limit: sub_MP_R1.fq.int_trimmed_fastqc.html
[2021-10-16 22:21:11,327] multiqc                                            [DEBUG  ]  File ignored by rseqc/bam_stat because it exceeded search pattern filesize limit: sub_MP_R1.fq.int_trimmed_fastqc.html
[2021-10-16 22:21:11,327] multiqc                                            [DEBUG  ]  File ignored by rseqc/junction_annotation because it exceeded search pattern filesize limit: sub_MP_R1.fq.int_trimmed_fastqc.html
[2021-10-16 22:21:11,327] multiqc                                            [DEBUG  ]  File ignored by rseqc/read_distribution because it exceeded search pattern filesize limit: sub_MP_R1.fq.int_trimmed_fastqc.html
[2021-10-16 22:21:11,327] multiqc                                            [DEBUG  ]  File ignored by rseqc/infer_experiment because it exceeded search pattern filesize limit: sub_MP_R1.fq.int_trimmed_fastqc.html
[2021-10-16 22:21:11,383] multiqc                                            [DEBUG  ]  File ignored by ccs/v4 because it exceeded search pattern filesize limit: sub_R2.fq.trimmed_fastqc.html
[2021-10-16 22:21:11,384] multiqc                                            [DEBUG  ]  File ignored by hicexplorer because it exceeded search pattern filesize limit: sub_R2.fq.trimmed_fastqc.html
[2021-10-16 22:21:11,384] multiqc                                            [DEBUG  ]  File ignored by nanostat because it exceeded search pattern filesize limit: sub_R2.fq.trimmed_fastqc.html
[2021-10-16 22:21:11,384] multiqc                                            [DEBUG  ]  File ignored by lima/summary because it exceeded search pattern filesize limit: sub_R2.fq.trimmed_fastqc.html
[2021-10-16 22:21:11,385] multiqc                                            [DEBUG  ]  File ignored by vep/vep_txt because it exceeded search pattern filesize limit: sub_R2.fq.trimmed_fastqc.html
[2021-10-16 22:21:11,385] multiqc                                            [DEBUG  ]  File ignored by longranger/invocation because it exceeded search pattern filesize limit: sub_R2.fq.trimmed_fastqc.html
[2021-10-16 22:21:11,385] multiqc                                            [DEBUG  ]  File ignored by rockhopper because it exceeded search pattern filesize limit: sub_R2.fq.trimmed_fastqc.html
[2021-10-16 22:21:11,385] multiqc                                            [DEBUG  ]  File ignored by rseqc/bam_stat because it exceeded search pattern filesize limit: sub_R2.fq.trimmed_fastqc.html
[2021-10-16 22:21:11,385] multiqc                                            [DEBUG  ]  File ignored by rseqc/junction_annotation because it exceeded search pattern filesize limit: sub_R2.fq.trimmed_fastqc.html
[2021-10-16 22:21:11,385] multiqc                                            [DEBUG  ]  File ignored by rseqc/read_distribution because it exceeded search pattern filesize limit: sub_R2.fq.trimmed_fastqc.html
[2021-10-16 22:21:11,385] multiqc                                            [DEBUG  ]  File ignored by rseqc/infer_experiment because it exceeded search pattern filesize limit: sub_R2.fq.trimmed_fastqc.html
[2021-10-16 22:21:11,434] multiqc                                            [DEBUG  ]  File ignored by ccs/v4 because it exceeded search pattern filesize limit: sub_R1.fq.trimmed_fastqc.html
[2021-10-16 22:21:11,435] multiqc                                            [DEBUG  ]  File ignored by hicexplorer because it exceeded search pattern filesize limit: sub_R1.fq.trimmed_fastqc.html
[2021-10-16 22:21:11,435] multiqc                                            [DEBUG  ]  File ignored by nanostat because it exceeded search pattern filesize limit: sub_R1.fq.trimmed_fastqc.html
[2021-10-16 22:21:11,435] multiqc                                            [DEBUG  ]  File ignored by lima/summary because it exceeded search pattern filesize limit: sub_R1.fq.trimmed_fastqc.html
[2021-10-16 22:21:11,436] multiqc                                            [DEBUG  ]  File ignored by vep/vep_txt because it exceeded search pattern filesize limit: sub_R1.fq.trimmed_fastqc.html
[2021-10-16 22:21:11,436] multiqc                                            [DEBUG  ]  File ignored by longranger/invocation because it exceeded search pattern filesize limit: sub_R1.fq.trimmed_fastqc.html
[2021-10-16 22:21:11,436] multiqc                                            [DEBUG  ]  File ignored by rockhopper because it exceeded search pattern filesize limit: sub_R1.fq.trimmed_fastqc.html
[2021-10-16 22:21:11,436] multiqc                                            [DEBUG  ]  File ignored by rseqc/bam_stat because it exceeded search pattern filesize limit: sub_R1.fq.trimmed_fastqc.html
[2021-10-16 22:21:11,436] multiqc                                            [DEBUG  ]  File ignored by rseqc/junction_annotation because it exceeded search pattern filesize limit: sub_R1.fq.trimmed_fastqc.html
[2021-10-16 22:21:11,436] multiqc                                            [DEBUG  ]  File ignored by rseqc/read_distribution because it exceeded search pattern filesize limit: sub_R1.fq.trimmed_fastqc.html
[2021-10-16 22:21:11,436] multiqc                                            [DEBUG  ]  File ignored by rseqc/infer_experiment because it exceeded search pattern filesize limit: sub_R1.fq.trimmed_fastqc.html
[2021-10-16 22:21:11,482] multiqc                                            [DEBUG  ]  File ignored by ccs/v4 because it exceeded search pattern filesize limit: sub_MP_R2.fq.int_trimmed_fastqc.html
[2021-10-16 22:21:11,483] multiqc                                            [DEBUG  ]  File ignored by hicexplorer because it exceeded search pattern filesize limit: sub_MP_R2.fq.int_trimmed_fastqc.html
[2021-10-16 22:21:11,483] multiqc                                            [DEBUG  ]  File ignored by nanostat because it exceeded search pattern filesize limit: sub_MP_R2.fq.int_trimmed_fastqc.html
[2021-10-16 22:21:11,483] multiqc                                            [DEBUG  ]  File ignored by lima/summary because it exceeded search pattern filesize limit: sub_MP_R2.fq.int_trimmed_fastqc.html
[2021-10-16 22:21:11,484] multiqc                                            [DEBUG  ]  File ignored by vep/vep_txt because it exceeded search pattern filesize limit: sub_MP_R2.fq.int_trimmed_fastqc.html
[2021-10-16 22:21:11,484] multiqc                                            [DEBUG  ]  File ignored by longranger/invocation because it exceeded search pattern filesize limit: sub_MP_R2.fq.int_trimmed_fastqc.html
[2021-10-16 22:21:11,484] multiqc                                            [DEBUG  ]  File ignored by rockhopper because it exceeded search pattern filesize limit: sub_MP_R2.fq.int_trimmed_fastqc.html
[2021-10-16 22:21:11,484] multiqc                                            [DEBUG  ]  File ignored by rseqc/bam_stat because it exceeded search pattern filesize limit: sub_MP_R2.fq.int_trimmed_fastqc.html
[2021-10-16 22:21:11,484] multiqc                                            [DEBUG  ]  File ignored by rseqc/junction_annotation because it exceeded search pattern filesize limit: sub_MP_R2.fq.int_trimmed_fastqc.html
[2021-10-16 22:21:11,484] multiqc                                            [DEBUG  ]  File ignored by rseqc/read_distribution because it exceeded search pattern filesize limit: sub_MP_R2.fq.int_trimmed_fastqc.html
[2021-10-16 22:21:11,484] multiqc                                            [DEBUG  ]  File ignored by rseqc/infer_experiment because it exceeded search pattern filesize limit: sub_MP_R2.fq.int_trimmed_fastqc.html
[2021-10-16 22:21:11,666] multiqc.plots.bargraph                             [DEBUG  ]  Using matplotlib version 3.3.3
[2021-10-16 22:21:11,666] multiqc.plots.linegraph                            [DEBUG  ]  Using matplotlib version 3.3.3
[2021-10-16 22:21:11,667] multiqc                                            [DEBUG  ]  No samples found: custom_content
[2021-10-16 22:21:11,669] multiqc                                            [DEBUG  ]  No samples found: ccs
[2021-10-16 22:21:11,672] multiqc                                            [DEBUG  ]  No samples found: ngsderive
[2021-10-16 22:21:11,674] multiqc                                            [DEBUG  ]  No samples found: purple
[2021-10-16 22:21:11,677] multiqc                                            [DEBUG  ]  No samples found: conpair
[2021-10-16 22:21:11,679] multiqc                                            [DEBUG  ]  No samples found: lima
[2021-10-16 22:21:11,681] multiqc                                            [DEBUG  ]  No samples found: peddy
[2021-10-16 22:21:11,684] multiqc                                            [DEBUG  ]  No samples found: somalier
[2021-10-16 22:21:11,686] multiqc                                            [DEBUG  ]  No samples found: methylQA
[2021-10-16 22:21:11,689] multiqc.modules.mosdepth.mosdepth                  [DEBUG  ]  include_contigs: []
[2021-10-16 22:21:11,689] multiqc.modules.mosdepth.mosdepth                  [DEBUG  ]  exclude_contigs: []
[2021-10-16 22:21:11,689] multiqc                                            [DEBUG  ]  No samples found: mosdepth
[2021-10-16 22:21:11,692] multiqc                                            [DEBUG  ]  No samples found: phantompeakqualtools
[2021-10-16 22:21:11,694] multiqc                                            [DEBUG  ]  No samples found: qualimap
[2021-10-16 22:21:11,697] multiqc                                            [DEBUG  ]  No samples found: preseq
[2021-10-16 22:21:11,699] multiqc                                            [DEBUG  ]  No samples found: quast
[2021-10-16 22:21:11,702] multiqc                                            [DEBUG  ]  No samples found: qorts
[2021-10-16 22:21:11,704] multiqc                                            [DEBUG  ]  No samples found: rna_seqc
[2021-10-16 22:21:11,707] multiqc                                            [DEBUG  ]  No samples found: rockhopper
[2021-10-16 22:21:11,709] multiqc                                            [DEBUG  ]  No samples found: rsem
[2021-10-16 22:21:11,713] multiqc                                            [DEBUG  ]  No samples found: rseqc
[2021-10-16 22:21:11,715] multiqc                                            [DEBUG  ]  No samples found: busco
[2021-10-16 22:21:11,717] multiqc                                            [DEBUG  ]  No samples found: bustools
[2021-10-16 22:21:11,720] multiqc                                            [DEBUG  ]  No samples found: goleft_indexcov
[2021-10-16 22:21:11,722] multiqc                                            [DEBUG  ]  No samples found: gffcompare
[2021-10-16 22:21:11,725] multiqc                                            [DEBUG  ]  No samples found: disambiguate
[2021-10-16 22:21:11,727] multiqc                                            [DEBUG  ]  No samples found: supernova
[2021-10-16 22:21:11,731] multiqc                                            [DEBUG  ]  No samples found: deeptools
[2021-10-16 22:21:11,733] multiqc                                            [DEBUG  ]  No samples found: sargasso
[2021-10-16 22:21:11,735] multiqc                                            [DEBUG  ]  No samples found: verifybamid
[2021-10-16 22:21:11,738] multiqc                                            [DEBUG  ]  No samples found: mirtrace
[2021-10-16 22:21:11,740] multiqc                                            [DEBUG  ]  No samples found: happy
[2021-10-16 22:21:11,743] multiqc                                            [DEBUG  ]  No samples found: mirtop
[2021-10-16 22:21:11,745] multiqc                                            [DEBUG  ]  No samples found: sambamba
[2021-10-16 22:21:11,748] multiqc                                            [DEBUG  ]  No samples found: homer
[2021-10-16 22:21:11,751] multiqc                                            [DEBUG  ]  No samples found: hops
[2021-10-16 22:21:11,753] multiqc                                            [DEBUG  ]  No samples found: macs2
[2021-10-16 22:21:11,755] multiqc                                            [DEBUG  ]  No samples found: theta2
[2021-10-16 22:21:11,758] multiqc                                            [DEBUG  ]  No samples found: snpeff
[2021-10-16 22:21:11,761] multiqc                                            [DEBUG  ]  No samples found: gatk
[2021-10-16 22:21:11,763] multiqc                                            [DEBUG  ]  No samples found: htseq
[2021-10-16 22:21:11,766] multiqc                                            [DEBUG  ]  No samples found: bcftools
[2021-10-16 22:21:11,768] multiqc                                            [DEBUG  ]  No samples found: featureCounts
[2021-10-16 22:21:11,771] multiqc                                            [DEBUG  ]  No samples found: fgbio
[2021-10-16 22:21:11,775] multiqc                                            [DEBUG  ]  No samples found: dragen
[2021-10-16 22:21:11,777] multiqc                                            [DEBUG  ]  No samples found: dedup
[2021-10-16 22:21:11,780] multiqc                                            [DEBUG  ]  No samples found: damageprofiler
[2021-10-16 22:21:11,785] multiqc                                            [DEBUG  ]  No samples found: biobambam2
[2021-10-16 22:21:11,787] multiqc                                            [DEBUG  ]  No samples found: jcvi
[2021-10-16 22:21:11,789] multiqc                                            [DEBUG  ]  No samples found: mtnucratio
[2021-10-16 22:21:11,792] multiqc                                            [DEBUG  ]  No samples found: picard
[2021-10-16 22:21:11,794] multiqc                                            [DEBUG  ]  No samples found: vep
[2021-10-16 22:21:11,797] multiqc                                            [DEBUG  ]  No samples found: sentieon
[2021-10-16 22:21:11,799] multiqc                                            [DEBUG  ]  No samples found: prokka
[2021-10-16 22:21:11,802] multiqc                                            [DEBUG  ]  No samples found: qc3C
[2021-10-16 22:21:11,804] multiqc                                            [DEBUG  ]  No samples found: nanostat
[2021-10-16 22:21:11,807] multiqc                                            [DEBUG  ]  No samples found: samblaster
[2021-10-16 22:21:11,810] multiqc                                            [DEBUG  ]  No samples found: samtools
[2021-10-16 22:21:11,812] multiqc                                            [DEBUG  ]  No samples found: sexdeterrmine
[2021-10-16 22:21:11,815] multiqc                                            [DEBUG  ]  No samples found: eigenstratdatabasetools
[2021-10-16 22:21:11,817] multiqc                                            [DEBUG  ]  No samples found: bamtools
[2021-10-16 22:21:11,819] multiqc                                            [DEBUG  ]  No samples found: jellyfish
[2021-10-16 22:21:11,822] multiqc                                            [DEBUG  ]  No samples found: vcftools
[2021-10-16 22:21:11,825] multiqc                                            [DEBUG  ]  No samples found: longranger
[2021-10-16 22:21:11,827] multiqc                                            [DEBUG  ]  No samples found: stacks
[2021-10-16 22:21:11,830] multiqc                                            [DEBUG  ]  No samples found: varscan2
[2021-10-16 22:21:11,832] multiqc                                            [DEBUG  ]  No samples found: snippy
[2021-10-16 22:21:11,835] multiqc                                            [DEBUG  ]  No samples found: bbmap
[2021-10-16 22:21:11,838] multiqc                                            [DEBUG  ]  No samples found: bismark
[2021-10-16 22:21:11,840] multiqc                                            [DEBUG  ]  No samples found: biscuit
[2021-10-16 22:21:11,843] multiqc                                            [DEBUG  ]  No samples found: hicexplorer
[2021-10-16 22:21:11,845] multiqc                                            [DEBUG  ]  No samples found: hicup
[2021-10-16 22:21:11,848] multiqc                                            [DEBUG  ]  No samples found: hicpro
[2021-10-16 22:21:11,850] multiqc                                            [DEBUG  ]  No samples found: salmon
[2021-10-16 22:21:11,853] multiqc                                            [DEBUG  ]  No samples found: kallisto
[2021-10-16 22:21:11,855] multiqc                                            [DEBUG  ]  No samples found: slamdunk
[2021-10-16 22:21:11,858] multiqc                                            [DEBUG  ]  No samples found: star
[2021-10-16 22:21:11,860] multiqc                                            [DEBUG  ]  No samples found: hisat2
[2021-10-16 22:21:11,863] multiqc                                            [DEBUG  ]  No samples found: tophat
[2021-10-16 22:21:11,865] multiqc                                            [DEBUG  ]  No samples found: bowtie2
[2021-10-16 22:21:11,867] multiqc                                            [DEBUG  ]  No samples found: bowtie1
[2021-10-16 22:21:11,870] multiqc                                            [DEBUG  ]  No samples found: snpsplit
[2021-10-16 22:21:11,872] multiqc                                            [DEBUG  ]  No samples found: odgi
[2021-10-16 22:21:11,875] multiqc                                            [DEBUG  ]  No samples found: pangolin
[2021-10-16 22:21:11,877] multiqc                                            [DEBUG  ]  No samples found: kat
[2021-10-16 22:21:11,879] multiqc                                            [DEBUG  ]  No samples found: leehom
[2021-10-16 22:21:11,882] multiqc                                            [DEBUG  ]  No samples found: adapterRemoval
[2021-10-16 22:21:11,884] multiqc                                            [DEBUG  ]  No samples found: clipandmerge
[2021-10-16 22:21:11,887] multiqc                                            [DEBUG  ]  No samples found: cutadapt
[2021-10-16 22:21:11,889] multiqc                                            [DEBUG  ]  No samples found: flexbar
[2021-10-16 22:21:11,892] multiqc                                            [DEBUG  ]  No samples found: kaiju
[2021-10-16 22:21:11,894] multiqc                                            [DEBUG  ]  No samples found: kraken
[2021-10-16 22:21:11,896] multiqc                                            [DEBUG  ]  No samples found: malt
[2021-10-16 22:21:11,899] multiqc                                            [DEBUG  ]  No samples found: trimmomatic
[2021-10-16 22:21:11,901] multiqc                                            [DEBUG  ]  No samples found: sickle
[2021-10-16 22:21:11,904] multiqc                                            [DEBUG  ]  No samples found: skewer
[2021-10-16 22:21:11,906] multiqc                                            [DEBUG  ]  No samples found: sortmerna
[2021-10-16 22:21:11,909] multiqc                                            [DEBUG  ]  No samples found: biobloomtools
[2021-10-16 22:21:11,911] multiqc                                            [DEBUG  ]  No samples found: fastq_screen
[2021-10-16 22:21:11,913] multiqc                                            [DEBUG  ]  No samples found: afterqc
[2021-10-16 22:21:11,916] multiqc                                            [DEBUG  ]  No samples found: fastp
[2021-10-16 22:21:11,954] multiqc.modules.fastqc.fastqc                      [INFO   ]  Found 4 reports
[2021-10-16 22:21:11,999] multiqc                                            [DEBUG  ]  No samples found: pychopper
[2021-10-16 22:21:12,001] multiqc                                            [DEBUG  ]  No samples found: pycoqc
[2021-10-16 22:21:12,004] multiqc                                            [DEBUG  ]  No samples found: minionqc
[2021-10-16 22:21:12,006] multiqc                                            [DEBUG  ]  No samples found: multivcfanalyzer
[2021-10-16 22:21:12,009] multiqc                                            [DEBUG  ]  No samples found: clusterflow
[2021-10-16 22:21:12,011] multiqc                                            [DEBUG  ]  No samples found: bcl2fastq
[2021-10-16 22:21:12,014] multiqc                                            [DEBUG  ]  No samples found: bclconvert
[2021-10-16 22:21:12,016] multiqc                                            [DEBUG  ]  No samples found: interop
[2021-10-16 22:21:12,019] multiqc                                            [DEBUG  ]  No samples found: ivar
[2021-10-16 22:21:12,021] multiqc                                            [DEBUG  ]  No samples found: flash
[2021-10-16 22:21:12,024] multiqc                                            [DEBUG  ]  No samples found: seqyclean
[2021-10-16 22:21:12,026] multiqc                                            [DEBUG  ]  No samples found: optitype
[2021-10-16 22:21:12,030] multiqc                                            [INFO   ]  Compressing plot data
[2021-10-16 22:21:12,071] multiqc                                            [INFO   ]  Report      : multiqc_trimmed/multiqc_report.html
[2021-10-16 22:21:12,071] multiqc                                            [INFO   ]  Data        : multiqc_trimmed/multiqc_data
[2021-10-16 22:21:12,071] multiqc                                            [DEBUG  ]  Moving data file from '/tmp/tmpd1m0k9mu/multiqc_data' to 'multiqc_trimmed/multiqc_data'
[2021-10-16 22:21:12,122] multiqc                                            [INFO   ]  MultiQC complete
